<?xml version="1.0" encoding="UTF-8"?>
<!-- Generated by org.testng.reporters.JUnitReportReporter -->
<testsuite hostname="DESKTOP-S7UVKMQ" name="SampleMaven.NewTest" tests="1" failures="0" timestamp="8 Sep 2021 02:47:48 GMT" time="0.019" errors="0">
  <testcase name="f" time="0.019" classname="SampleMaven.NewTest"/>
</testsuite> <!-- SampleMaven.NewTest -->
